INFO:scrapy.utils.log:Scrapy 1.6.0 started (bot: UniversitySchoolHref)
INFO:scrapy.utils.log:Versions: lxml 4.2.5.0, libxml2 2.9.8, cssselect 1.0.3, parsel 1.5.1, w3lib 1.20.0, Twisted 18.7.0, Python 3.7.0 (default, Jun 28 2018, 08:04:48) [MSC v.1912 64 bit (AMD64)], pyOpenSSL 18.0.0 (OpenSSL 1.0.2p  14 Aug 2018), cryptography 2.3.1, Platform Windows-10-10.0.17134-SP0
INFO:scrapy.crawler:Overridden settings: {'BOT_NAME': 'UniversitySchoolHref', 'COOKIES_ENABLED': False, 'DOWNLOAD_DELAY': 3, 'FEED_EXPORT_ENCODING': 'utf-8', 'NEWSPIDER_MODULE': 'UniversitySchoolHref.spiders', 'SPIDER_MODULES': ['UniversitySchoolHref.spiders']}
INFO:scrapy.extensions.telnet:Telnet Password: 064c94884faac302
INFO:scrapy.middleware:Enabled extensions:
['scrapy.extensions.corestats.CoreStats',
 'scrapy.extensions.telnet.TelnetConsole',
 'scrapy.extensions.logstats.LogStats']
INFO:scrapy.middleware:Enabled downloader middlewares:
['scrapy.downloadermiddlewares.httpauth.HttpAuthMiddleware',
 'scrapy.downloadermiddlewares.downloadtimeout.DownloadTimeoutMiddleware',
 'scrapy.downloadermiddlewares.defaultheaders.DefaultHeadersMiddleware',
 'scrapy.downloadermiddlewares.useragent.UserAgentMiddleware',
 'scrapy.downloadermiddlewares.retry.RetryMiddleware',
 'scrapy.downloadermiddlewares.redirect.MetaRefreshMiddleware',
 'scrapy.downloadermiddlewares.httpcompression.HttpCompressionMiddleware',
 'scrapy.downloadermiddlewares.redirect.RedirectMiddleware',
 'scrapy.downloadermiddlewares.httpproxy.HttpProxyMiddleware',
 'scrapy.downloadermiddlewares.stats.DownloaderStats']
INFO:scrapy.middleware:Enabled spider middlewares:
['scrapy.spidermiddlewares.httperror.HttpErrorMiddleware',
 'scrapy.spidermiddlewares.offsite.OffsiteMiddleware',
 'scrapy.spidermiddlewares.referer.RefererMiddleware',
 'scrapy.spidermiddlewares.urllength.UrlLengthMiddleware',
 'scrapy.spidermiddlewares.depth.DepthMiddleware']
INFO:scrapy.middleware:Enabled item pipelines:
['UniversitySchoolHref.pipelines.UniversityschoolhrefPipeline']
INFO:scrapy.core.engine:Spider opened
INFO:scrapy.extensions.logstats:Crawled 0 pages (at 0 pages/min), scraped 0 items (at 0 items/min)
INFO:scrapy.extensions.telnet:Telnet console listening on 127.0.0.1:6023
DEBUG:scrapy.core.engine:Crawled (200) <GET https://www.baidu.com/s?wd=%E5%8C%97%E4%BA%AC%E5%A4%A7%E5%AD%A6%E6%95%B0%E5%AD%A6%E7%A7%91%E5%AD%A6%E5%AD%A6%E9%99%A2> (referer: None)
DEBUG:selenium.webdriver.remote.remote_connection:DELETE http://127.0.0.1:56662/session/962c55f7443b485ae13b797fc2820d69/window {}
DEBUG:urllib3.connectionpool:http://127.0.0.1:56662 "DELETE /session/962c55f7443b485ae13b797fc2820d69/window HTTP/1.1" 200 12
DEBUG:selenium.webdriver.remote.remote_connection:Finished Request
DEBUG:scrapy.core.engine:Crawled (200) <GET http://www.baidu.com/baidu?wd=%E5%8C%97%E4%BA%AC%E5%A4%A7%E5%AD%A6%E7%89%A9%E7%90%86%E5%AD%A6%E9%99%A2> (referer: None)
DEBUG:selenium.webdriver.remote.remote_connection:POST http://127.0.0.1:56662/session/962c55f7443b485ae13b797fc2820d69/url {"url": "http://www.baidu.com/link?url=3vUl2pXpDjb0fXub-5XAEF4UXQ8FnFX9P0Lv_iTStAm36rLkCaQO9c09ZgDK_JIs"}
DEBUG:urllib3.connectionpool:http://127.0.0.1:56662 "POST /session/962c55f7443b485ae13b797fc2820d69/url HTTP/1.1" 404 886
DEBUG:selenium.webdriver.remote.remote_connection:Finished Request
DEBUG:selenium.webdriver.remote.remote_connection:POST http://127.0.0.1:56662/session/962c55f7443b485ae13b797fc2820d69/url {"url": "http://www.baidu.com/link?url=ZJIUGpMDvd1VcadRSl8kBR5CKSY-GHCBrjGtSYBBkciKUoOM_OuX_etjiGAmU35W"}
DEBUG:urllib3.connectionpool:http://127.0.0.1:56662 "POST /session/962c55f7443b485ae13b797fc2820d69/url HTTP/1.1" 404 886
DEBUG:selenium.webdriver.remote.remote_connection:Finished Request
DEBUG:selenium.webdriver.remote.remote_connection:POST http://127.0.0.1:56662/session/962c55f7443b485ae13b797fc2820d69/url {"url": "http://www.baidu.com/link?url=L-7V0jemuPhmlW51Hqjz2woJcc-w0kfyokW0gOMvAtHOLpva3DyYwC6w2IWyheKi"}
DEBUG:urllib3.connectionpool:http://127.0.0.1:56662 "POST /session/962c55f7443b485ae13b797fc2820d69/url HTTP/1.1" 404 886
DEBUG:selenium.webdriver.remote.remote_connection:Finished Request
DEBUG:selenium.webdriver.remote.remote_connection:POST http://127.0.0.1:56662/session/962c55f7443b485ae13b797fc2820d69/url {"url": "http://www.baidu.com/link?url=GIRFaM5ikyWKGJyjtdqpZOTWYVP5c3I0-6pzJM2aYfhfPukDkNr7vdp2aaYi5jGB"}
DEBUG:urllib3.connectionpool:http://127.0.0.1:56662 "POST /session/962c55f7443b485ae13b797fc2820d69/url HTTP/1.1" 404 886
DEBUG:selenium.webdriver.remote.remote_connection:Finished Request
DEBUG:selenium.webdriver.remote.remote_connection:DELETE http://127.0.0.1:56662/session/962c55f7443b485ae13b797fc2820d69/window {}
DEBUG:urllib3.connectionpool:http://127.0.0.1:56662 "DELETE /session/962c55f7443b485ae13b797fc2820d69/window HTTP/1.1" 404 886
DEBUG:selenium.webdriver.remote.remote_connection:Finished Request
ERROR:scrapy.core.scraper:Spider error processing <GET http://www.baidu.com/baidu?wd=%E5%8C%97%E4%BA%AC%E5%A4%A7%E5%AD%A6%E7%89%A9%E7%90%86%E5%AD%A6%E9%99%A2> (referer: None)
Traceback (most recent call last):
  File "d:\anaconda3\lib\site-packages\scrapy\utils\defer.py", line 102, in iter_errback
    yield next(it)
  File "d:\anaconda3\lib\site-packages\scrapy\spidermiddlewares\offsite.py", line 29, in process_spider_output
    for x in result:
  File "d:\anaconda3\lib\site-packages\scrapy\spidermiddlewares\referer.py", line 339, in <genexpr>
    return (_set_referer(r) for r in result or ())
  File "d:\anaconda3\lib\site-packages\scrapy\spidermiddlewares\urllength.py", line 37, in <genexpr>
    return (r for r in result or () if _filter(r))
  File "d:\anaconda3\lib\site-packages\scrapy\spidermiddlewares\depth.py", line 58, in <genexpr>
    return (r for r in result or () if _filter(r))
  File "D:\StudyMaterial\SummerPracticeII\Python\jupyter\scrapyDemo\UniversitySchoolHref\UniversitySchoolHref\spiders\href.py", line 130, in parse_school
    browser.close()
  File "d:\anaconda3\lib\site-packages\selenium\webdriver\remote\webdriver.py", line 688, in close
    self.execute(Command.CLOSE)
  File "d:\anaconda3\lib\site-packages\selenium\webdriver\remote\webdriver.py", line 321, in execute
    self.error_handler.check_response(response)
  File "d:\anaconda3\lib\site-packages\selenium\webdriver\remote\errorhandler.py", line 242, in check_response
    raise exception_class(message, screen, stacktrace)
selenium.common.exceptions.InvalidSessionIdException: Message: invalid session id

INFO:scrapy.core.engine:Closing spider (finished)
INFO:scrapy.statscollectors:Dumping Scrapy stats:
{'downloader/request_bytes': 600,
 'downloader/request_count': 2,
 'downloader/request_method_count/GET': 2,
 'downloader/response_bytes': 75689,
 'downloader/response_count': 2,
 'downloader/response_status_count/200': 2,
 'finish_reason': 'finished',
 'finish_time': datetime.datetime(2019, 7, 13, 0, 29, 56, 188815),
 'log_count/DEBUG': 20,
 'log_count/ERROR': 1,
 'log_count/INFO': 9,
 'request_depth_max': 1,
 'response_received_count': 2,
 'scheduler/dequeued': 2,
 'scheduler/dequeued/memory': 2,
 'scheduler/enqueued': 2,
 'scheduler/enqueued/memory': 2,
 'spider_exceptions/InvalidSessionIdException': 1,
 'start_time': datetime.datetime(2019, 7, 13, 0, 29, 51, 136042)}
INFO:scrapy.core.engine:Spider closed (finished)
